<?xml version="1.0" encoding="UTF-8"?>
<coverage generated="1667521379640" clover="3.2.0">
  <project timestamp="1667521379640" name="All files">
    <metrics statements="55" coveredstatements="54" conditionals="39" coveredconditionals="37" methods="17" coveredmethods="17" elements="111" coveredelements="108" complexity="0" loc="55" ncloc="55" packages="2" files="7" classes="7"/>
    <package name="frontend-project-46">
      <metrics statements="20" coveredstatements="20" conditionals="12" coveredconditionals="12" methods="5" coveredmethods="5"/>
      <file name="factory.js" path="/mnt/c/users/isayk/frontend-project-46/factory.js">
        <metrics statements="7" coveredstatements="7" conditionals="0" coveredconditionals="0" methods="1" coveredmethods="1"/>
        <line num="10" count="1" type="stmt"/>
        <line num="11" count="3" type="stmt"/>
        <line num="12" count="3" type="stmt"/>
        <line num="13" count="3" type="stmt"/>
        <line num="14" count="3" type="stmt"/>
        <line num="15" count="3" type="stmt"/>
        <line num="17" count="3" type="stmt"/>
      </file>
      <file name="parsers.js" path="/mnt/c/users/isayk/frontend-project-46/parsers.js">
        <metrics statements="2" coveredstatements="2" conditionals="2" coveredconditionals="2" methods="1" coveredmethods="1"/>
        <line num="4" count="1" type="stmt"/>
        <line num="5" count="6" type="cond" truecount="2" falsecount="0"/>
      </file>
      <file name="treeGenerator.js" path="/mnt/c/users/isayk/frontend-project-46/treeGenerator.js">
        <metrics statements="11" coveredstatements="11" conditionals="10" coveredconditionals="10" methods="3" coveredmethods="3"/>
        <line num="4" count="1" type="stmt"/>
        <line num="5" count="15" type="stmt"/>
        <line num="6" count="54" type="cond" truecount="2" falsecount="0"/>
        <line num="7" count="39" type="cond" truecount="2" falsecount="0"/>
        <line num="8" count="33" type="cond" truecount="4" falsecount="0"/>
        <line num="9" count="12" type="stmt"/>
        <line num="11" count="21" type="cond" truecount="2" falsecount="0"/>
        <line num="12" count="12" type="stmt"/>
        <line num="16" count="9" type="stmt"/>
        <line num="19" count="15" type="stmt"/>
        <line num="20" count="54" type="stmt"/>
      </file>
    </package>
    <package name="frontend-project-46.formatters">
      <metrics statements="35" coveredstatements="34" conditionals="27" coveredconditionals="25" methods="12" coveredmethods="12"/>
      <file name="index.js" path="/mnt/c/users/isayk/frontend-project-46/formatters/index.js">
        <metrics statements="6" coveredstatements="6" conditionals="4" coveredconditionals="4" methods="1" coveredmethods="1"/>
        <line num="5" count="1" type="stmt"/>
        <line num="6" count="3" type="cond" truecount="2" falsecount="0"/>
        <line num="7" count="1" type="stmt"/>
        <line num="8" count="2" type="cond" truecount="2" falsecount="0"/>
        <line num="9" count="1" type="stmt"/>
        <line num="11" count="1" type="stmt"/>
      </file>
      <file name="json.js" path="/mnt/c/users/isayk/frontend-project-46/formatters/json.js">
        <metrics statements="2" coveredstatements="2" conditionals="0" coveredconditionals="0" methods="1" coveredmethods="1"/>
        <line num="1" count="1" type="stmt"/>
        <line num="2" count="1" type="stmt"/>
      </file>
      <file name="plain.js" path="/mnt/c/users/isayk/frontend-project-46/formatters/plain.js">
        <metrics statements="13" coveredstatements="13" conditionals="14" coveredconditionals="13" methods="3" coveredmethods="3"/>
        <line num="3" count="1" type="stmt"/>
        <line num="4" count="13" type="cond" truecount="2" falsecount="0"/>
        <line num="5" count="10" type="cond" truecount="2" falsecount="0"/>
        <line num="6" count="8" type="cond" truecount="1" falsecount="1"/>
        <line num="7" count="8" type="cond" truecount="2" falsecount="0"/>
        <line num="8" count="7" type="stmt"/>
        <line num="11" count="5" type="cond" truecount="1" falsecount="0"/>
        <line num="12" count="18" type="cond" truecount="5" falsecount="0"/>
        <line num="14" count="4" type="stmt"/>
        <line num="16" count="5" type="stmt"/>
        <line num="18" count="2" type="stmt"/>
        <line num="20" count="4" type="stmt"/>
        <line num="22" count="3" type="stmt"/>
      </file>
      <file name="stylish.js" path="/mnt/c/users/isayk/frontend-project-46/formatters/stylish.js">
        <metrics statements="14" coveredstatements="13" conditionals="9" coveredconditionals="8" methods="7" coveredmethods="7"/>
        <line num="3" count="1" type="stmt"/>
        <line num="10" count="1" type="stmt"/>
        <line num="11" count="42" type="cond" truecount="1" falsecount="0"/>
        <line num="13" count="1" type="stmt"/>
        <line num="14" count="27" type="cond" truecount="2" falsecount="0"/>
        <line num="15" count="9" type="stmt"/>
        <line num="19" count="1" type="stmt"/>
        <line num="20" count="18" type="cond" truecount="5" falsecount="1"/>
        <line num="24" count="10" type="stmt"/>
        <line num="26" count="4" type="stmt"/>
        <line num="29" count="4" type="stmt"/>
        <line num="30" count="14" type="stmt"/>
        <line num="32" count="0" type="stmt"/>
        <line num="36" count="4" type="stmt"/>
      </file>
    </package>
  </project>
</coverage>
