{"/mnt/c/users/isayk/frontend-project-46/index.js": {"path":"/mnt/c/users/isayk/frontend-project-46/index.js","all":false,"statementMap":{"0":{"start":{"line":1,"column":0},"end":{"line":1,"column":23}},"1":{"start":{"line":2,"column":0},"end":{"line":2,"column":0}},"2":{"start":{"line":3,"column":0},"end":{"line":3,"column":37}},"3":{"start":{"line":4,"column":0},"end":{"line":4,"column":22}},"4":{"start":{"line":5,"column":0},"end":{"line":5,"column":37}},"5":{"start":{"line":6,"column":0},"end":{"line":6,"column":37}},"6":{"start":{"line":7,"column":0},"end":{"line":7,"column":65}},"7":{"start":{"line":8,"column":0},"end":{"line":8,"column":2}},"8":{"start":{"line":9,"column":0},"end":{"line":9,"column":33}},"9":{"start":{"line":10,"column":0},"end":{"line":10,"column":68}},"10":{"start":{"line":11,"column":0},"end":{"line":11,"column":32}},"11":{"start":{"line":12,"column":0},"end":{"line":12,"column":74}},"12":{"start":{"line":13,"column":0},"end":{"line":13,"column":76}},"13":{"start":{"line":14,"column":0},"end":{"line":14,"column":14}},"14":{"start":{"line":15,"column":0},"end":{"line":15,"column":30}},"15":{"start":{"line":16,"column":0},"end":{"line":16,"column":7}},"16":{"start":{"line":17,"column":0},"end":{"line":17,"column":7}},"17":{"start":{"line":18,"column":0},"end":{"line":18,"column":19}},"18":{"start":{"line":19,"column":0},"end":{"line":19,"column":4}},"19":{"start":{"line":20,"column":0},"end":{"line":20,"column":6}},"20":{"start":{"line":21,"column":0},"end":{"line":21,"column":40}},"21":{"start":{"line":22,"column":0},"end":{"line":22,"column":47}},"22":{"start":{"line":23,"column":0},"end":{"line":23,"column":56}},"23":{"start":{"line":24,"column":0},"end":{"line":24,"column":58}},"24":{"start":{"line":25,"column":0},"end":{"line":25,"column":23}},"25":{"start":{"line":26,"column":0},"end":{"line":26,"column":4}},"26":{"start":{"line":27,"column":0},"end":{"line":27,"column":34}},"27":{"start":{"line":28,"column":0},"end":{"line":28,"column":2}},"28":{"start":{"line":29,"column":0},"end":{"line":29,"column":36}},"29":{"start":{"line":30,"column":0},"end":{"line":30,"column":6}},"30":{"start":{"line":31,"column":0},"end":{"line":31,"column":34}},"31":{"start":{"line":32,"column":0},"end":{"line":32,"column":54}},"32":{"start":{"line":33,"column":0},"end":{"line":33,"column":37}},"33":{"start":{"line":34,"column":0},"end":{"line":34,"column":53}},"34":{"start":{"line":35,"column":0},"end":{"line":35,"column":39}},"35":{"start":{"line":36,"column":0},"end":{"line":36,"column":55}},"36":{"start":{"line":37,"column":0},"end":{"line":37,"column":14}},"37":{"start":{"line":38,"column":0},"end":{"line":38,"column":53}},"38":{"start":{"line":39,"column":0},"end":{"line":39,"column":58}},"39":{"start":{"line":40,"column":0},"end":{"line":40,"column":7}},"40":{"start":{"line":41,"column":0},"end":{"line":41,"column":9}},"41":{"start":{"line":42,"column":0},"end":{"line":42,"column":24}},"42":{"start":{"line":43,"column":0},"end":{"line":43,"column":4}},"43":{"start":{"line":44,"column":0},"end":{"line":44,"column":25}}},"s":{"0":1,"1":1,"2":1,"3":1,"4":1,"5":1,"6":1,"7":1,"8":1,"9":5,"10":2,"11":5,"12":2,"13":3,"14":1,"15":1,"16":1,"17":1,"18":1,"19":1,"20":1,"21":1,"22":1,"23":1,"24":1,"25":1,"26":1,"27":5,"28":5,"29":5,"30":5,"31":1,"32":5,"33":1,"34":4,"35":2,"36":3,"37":1,"38":1,"39":1,"40":1,"41":1,"42":1,"43":1},"branchMap":{"0":{"type":"branch","line":3,"loc":{"start":{"line":3,"column":18},"end":{"line":19,"column":4}},"locations":[{"start":{"line":3,"column":18},"end":{"line":19,"column":4}}]},"1":{"type":"branch","line":9,"loc":{"start":{"line":9,"column":24},"end":{"line":17,"column":5}},"locations":[{"start":{"line":9,"column":24},"end":{"line":17,"column":5}}]},"2":{"type":"branch","line":10,"loc":{"start":{"line":10,"column":35},"end":{"line":10,"column":65}},"locations":[{"start":{"line":10,"column":35},"end":{"line":10,"column":65}}]},"3":{"type":"branch","line":10,"loc":{"start":{"line":10,"column":67},"end":{"line":12,"column":7}},"locations":[{"start":{"line":10,"column":67},"end":{"line":12,"column":7}}]},"4":{"type":"branch","line":12,"loc":{"start":{"line":12,"column":7},"end":{"line":16,"column":7}},"locations":[{"start":{"line":12,"column":7},"end":{"line":16,"column":7}}]},"5":{"type":"branch","line":12,"loc":{"start":{"line":12,"column":42},"end":{"line":12,"column":71}},"locations":[{"start":{"line":12,"column":42},"end":{"line":12,"column":71}}]},"6":{"type":"branch","line":12,"loc":{"start":{"line":12,"column":73},"end":{"line":14,"column":7}},"locations":[{"start":{"line":12,"column":73},"end":{"line":14,"column":7}}]},"7":{"type":"branch","line":13,"loc":{"start":{"line":13,"column":48},"end":{"line":13,"column":63}},"locations":[{"start":{"line":13,"column":48},"end":{"line":13,"column":63}}]},"8":{"type":"branch","line":13,"loc":{"start":{"line":13,"column":63},"end":{"line":13,"column":75}},"locations":[{"start":{"line":13,"column":63},"end":{"line":13,"column":75}}]},"9":{"type":"branch","line":14,"loc":{"start":{"line":14,"column":7},"end":{"line":16,"column":7}},"locations":[{"start":{"line":14,"column":7},"end":{"line":16,"column":7}}]},"10":{"type":"branch","line":21,"loc":{"start":{"line":21,"column":20},"end":{"line":43,"column":4}},"locations":[{"start":{"line":21,"column":20},"end":{"line":43,"column":4}}]},"11":{"type":"branch","line":27,"loc":{"start":{"line":27,"column":24},"end":{"line":41,"column":7}},"locations":[{"start":{"line":27,"column":24},"end":{"line":41,"column":7}}]},"12":{"type":"branch","line":31,"loc":{"start":{"line":31,"column":33},"end":{"line":33,"column":7}},"locations":[{"start":{"line":31,"column":33},"end":{"line":33,"column":7}}]},"13":{"type":"branch","line":33,"loc":{"start":{"line":33,"column":7},"end":{"line":40,"column":7}},"locations":[{"start":{"line":33,"column":7},"end":{"line":40,"column":7}}]},"14":{"type":"branch","line":33,"loc":{"start":{"line":33,"column":36},"end":{"line":35,"column":7}},"locations":[{"start":{"line":33,"column":36},"end":{"line":35,"column":7}}]},"15":{"type":"branch","line":35,"loc":{"start":{"line":35,"column":7},"end":{"line":40,"column":7}},"locations":[{"start":{"line":35,"column":7},"end":{"line":40,"column":7}}]},"16":{"type":"branch","line":35,"loc":{"start":{"line":35,"column":38},"end":{"line":37,"column":7}},"locations":[{"start":{"line":35,"column":38},"end":{"line":37,"column":7}}]},"17":{"type":"branch","line":37,"loc":{"start":{"line":37,"column":7},"end":{"line":40,"column":7}},"locations":[{"start":{"line":37,"column":7},"end":{"line":40,"column":7}}]}},"b":{"0":[1],"1":[5],"2":[4],"3":[2],"4":[3],"5":[2],"6":[2],"7":[1],"8":[1],"9":[1],"10":[1],"11":[5],"12":[1],"13":[4],"14":[1],"15":[3],"16":[2],"17":[1]},"fnMap":{"0":{"name":"getStates","decl":{"start":{"line":3,"column":18},"end":{"line":19,"column":4}},"loc":{"start":{"line":3,"column":18},"end":{"line":19,"column":4}},"line":3},"1":{"name":"stringify","decl":{"start":{"line":21,"column":20},"end":{"line":43,"column":4}},"loc":{"start":{"line":21,"column":20},"end":{"line":43,"column":4}},"line":21}},"f":{"0":1,"1":1}}
}
