{"/mnt/c/users/isayk/frontend-project-46/factory.js": {"path":"/mnt/c/users/isayk/frontend-project-46/factory.js","statementMap":{"0":{"start":{"line":10,"column":16},"end":{"line":19,"column":1}},"1":{"start":{"line":11,"column":19},"end":{"line":11,"column":83}},"2":{"start":{"line":12,"column":19},"end":{"line":12,"column":83}},"3":{"start":{"line":13,"column":16},"end":{"line":13,"column":42}},"4":{"start":{"line":14,"column":16},"end":{"line":14,"column":42}},"5":{"start":{"line":15,"column":15},"end":{"line":15,"column":41}},"6":{"start":{"line":17,"column":0},"end":{"line":17,"column":28}}},"fnMap":{"0":{"name":"(anonymous_0)","decl":{"start":{"line":10,"column":16},"end":{"line":10,"column":17}},"loc":{"start":{"line":10,"column":50},"end":{"line":19,"column":1}},"line":10}},"branchMap":{},"s":{"0":1,"1":3,"2":3,"3":3,"4":3,"5":3,"6":3},"f":{"0":3},"b":{},"_coverageSchema":"1a1c01bbd47fc00a2c39e90264f33305004495a9","hash":"28e32978dc7711867d4604b97998d76870db8ec8"}
,"/mnt/c/users/isayk/frontend-project-46/parsers.js": {"path":"/mnt/c/users/isayk/frontend-project-46/parsers.js","statementMap":{"0":{"start":{"line":4,"column":14},"end":{"line":6,"column":1}},"1":{"start":{"line":5,"column":4},"end":{"line":5,"column":83}}},"fnMap":{"0":{"name":"(anonymous_0)","decl":{"start":{"line":4,"column":14},"end":{"line":4,"column":15}},"loc":{"start":{"line":4,"column":36},"end":{"line":6,"column":1}},"line":4}},"branchMap":{"0":{"loc":{"start":{"line":5,"column":11},"end":{"line":5,"column":82}},"type":"cond-expr","locations":[{"start":{"line":5,"column":48},"end":{"line":5,"column":64}},{"start":{"line":5,"column":67},"end":{"line":5,"column":82}}],"line":5}},"s":{"0":1,"1":6},"f":{"0":6},"b":{"0":[3,3]},"_coverageSchema":"1a1c01bbd47fc00a2c39e90264f33305004495a9","hash":"c4a7e4e809528d8f2cf81afe80adb3fb32f47795"}
,"/mnt/c/users/isayk/frontend-project-46/treeGenerator.js": {"path":"/mnt/c/users/isayk/frontend-project-46/treeGenerator.js","statementMap":{"0":{"start":{"line":4,"column":25},"end":{"line":21,"column":5}},"1":{"start":{"line":5,"column":19},"end":{"line":17,"column":7}},"2":{"start":{"line":6,"column":8},"end":{"line":6,"column":87}},"3":{"start":{"line":6,"column":34},"end":{"line":6,"column":87}},"4":{"start":{"line":7,"column":8},"end":{"line":7,"column":89}},"5":{"start":{"line":7,"column":34},"end":{"line":7,"column":89}},"6":{"start":{"line":8,"column":8},"end":{"line":10,"column":9}},"7":{"start":{"line":9,"column":10},"end":{"line":9,"column":95}},"8":{"start":{"line":11,"column":8},"end":{"line":15,"column":9}},"9":{"start":{"line":12,"column":10},"end":{"line":14,"column":12}},"10":{"start":{"line":16,"column":8},"end":{"line":16,"column":65}},"11":{"start":{"line":19,"column":19},"end":{"line":19,"column":90}},"12":{"start":{"line":20,"column":6},"end":{"line":20,"column":70}},"13":{"start":{"line":20,"column":31},"end":{"line":20,"column":68}}},"fnMap":{"0":{"name":"(anonymous_0)","decl":{"start":{"line":4,"column":25},"end":{"line":4,"column":26}},"loc":{"start":{"line":4,"column":57},"end":{"line":21,"column":5}},"line":4},"1":{"name":"(anonymous_1)","decl":{"start":{"line":5,"column":19},"end":{"line":5,"column":20}},"loc":{"start":{"line":5,"column":45},"end":{"line":17,"column":7}},"line":5},"2":{"name":"(anonymous_2)","decl":{"start":{"line":20,"column":22},"end":{"line":20,"column":23}},"loc":{"start":{"line":20,"column":31},"end":{"line":20,"column":68}},"line":20}},"branchMap":{"0":{"loc":{"start":{"line":6,"column":8},"end":{"line":6,"column":87}},"type":"if","locations":[{"start":{"line":6,"column":8},"end":{"line":6,"column":87}},{"start":{},"end":{}}],"line":6},"1":{"loc":{"start":{"line":7,"column":8},"end":{"line":7,"column":89}},"type":"if","locations":[{"start":{"line":7,"column":8},"end":{"line":7,"column":89}},{"start":{},"end":{}}],"line":7},"2":{"loc":{"start":{"line":8,"column":8},"end":{"line":10,"column":9}},"type":"if","locations":[{"start":{"line":8,"column":8},"end":{"line":10,"column":9}},{"start":{},"end":{}}],"line":8},"3":{"loc":{"start":{"line":8,"column":12},"end":{"line":8,"column":64}},"type":"binary-expr","locations":[{"start":{"line":8,"column":12},"end":{"line":8,"column":36}},{"start":{"line":8,"column":40},"end":{"line":8,"column":64}}],"line":8},"4":{"loc":{"start":{"line":11,"column":8},"end":{"line":15,"column":9}},"type":"if","locations":[{"start":{"line":11,"column":8},"end":{"line":15,"column":9}},{"start":{},"end":{}}],"line":11}},"s":{"0":1,"1":15,"2":54,"3":15,"4":39,"5":6,"6":33,"7":12,"8":21,"9":12,"10":9,"11":15,"12":15,"13":54},"f":{"0":15,"1":54,"2":54},"b":{"0":[15,39],"1":[6,33],"2":[12,21],"3":[33,15],"4":[12,9]},"_coverageSchema":"1a1c01bbd47fc00a2c39e90264f33305004495a9","hash":"29f1d4a3e5d5d61d7348dad91d2314d450c9381f"}
,"/mnt/c/users/isayk/frontend-project-46/formatters/index.js": {"path":"/mnt/c/users/isayk/frontend-project-46/formatters/index.js","statementMap":{"0":{"start":{"line":5,"column":15},"end":{"line":13,"column":1}},"1":{"start":{"line":6,"column":4},"end":{"line":8,"column":5}},"2":{"start":{"line":7,"column":8},"end":{"line":7,"column":29}},"3":{"start":{"line":8,"column":6},"end":{"line":12,"column":5}},"4":{"start":{"line":9,"column":8},"end":{"line":9,"column":27}},"5":{"start":{"line":11,"column":8},"end":{"line":11,"column":26}}},"fnMap":{"0":{"name":"(anonymous_0)","decl":{"start":{"line":5,"column":15},"end":{"line":5,"column":16}},"loc":{"start":{"line":5,"column":33},"end":{"line":13,"column":1}},"line":5}},"branchMap":{"0":{"loc":{"start":{"line":6,"column":4},"end":{"line":8,"column":5}},"type":"if","locations":[{"start":{"line":6,"column":4},"end":{"line":8,"column":5}},{"start":{},"end":{}}],"line":6},"1":{"loc":{"start":{"line":8,"column":6},"end":{"line":12,"column":5}},"type":"if","locations":[{"start":{"line":8,"column":6},"end":{"line":12,"column":5}},{"start":{"line":10,"column":11},"end":{"line":12,"column":5}}],"line":8}},"s":{"0":1,"1":3,"2":1,"3":2,"4":1,"5":1},"f":{"0":3},"b":{"0":[1,2],"1":[1,1]},"_coverageSchema":"1a1c01bbd47fc00a2c39e90264f33305004495a9","hash":"505cc7e72447b960b22529a3243794b65140c83d"}
,"/mnt/c/users/isayk/frontend-project-46/formatters/json.js": {"path":"/mnt/c/users/isayk/frontend-project-46/formatters/json.js","statementMap":{"0":{"start":{"line":1,"column":13},"end":{"line":3,"column":1}},"1":{"start":{"line":2,"column":4},"end":{"line":2,"column":44}}},"fnMap":{"0":{"name":"(anonymous_0)","decl":{"start":{"line":1,"column":13},"end":{"line":1,"column":14}},"loc":{"start":{"line":1,"column":23},"end":{"line":3,"column":1}},"line":1}},"branchMap":{},"s":{"0":1,"1":1},"f":{"0":1},"b":{},"_coverageSchema":"1a1c01bbd47fc00a2c39e90264f33305004495a9","hash":"169221c78e6ce70029e446bef185b201b51481d1"}
,"/mnt/c/users/isayk/frontend-project-46/formatters/plain.js": {"path":"/mnt/c/users/isayk/frontend-project-46/formatters/plain.js","statementMap":{"0":{"start":{"line":3,"column":18},"end":{"line":9,"column":1}},"1":{"start":{"line":4,"column":2},"end":{"line":4,"column":50}},"2":{"start":{"line":4,"column":25},"end":{"line":4,"column":50}},"3":{"start":{"line":5,"column":2},"end":{"line":5,"column":39}},"4":{"start":{"line":5,"column":26},"end":{"line":5,"column":39}},"5":{"start":{"line":6,"column":2},"end":{"line":6,"column":38}},"6":{"start":{"line":6,"column":25},"end":{"line":6,"column":38}},"7":{"start":{"line":7,"column":2},"end":{"line":7,"column":37}},"8":{"start":{"line":7,"column":23},"end":{"line":7,"column":37}},"9":{"start":{"line":8,"column":2},"end":{"line":8,"column":22}},"10":{"start":{"line":11,"column":14},"end":{"line":24,"column":14}},"11":{"start":{"line":11,"column":33},"end":{"line":24,"column":14}},"12":{"start":{"line":12,"column":2},"end":{"line":23,"column":3}},"13":{"start":{"line":14,"column":6},"end":{"line":14,"column":55}},"14":{"start":{"line":16,"column":6},"end":{"line":16,"column":106}},"15":{"start":{"line":18,"column":6},"end":{"line":18,"column":71}},"16":{"start":{"line":20,"column":6},"end":{"line":20,"column":145}},"17":{"start":{"line":22,"column":6},"end":{"line":22,"column":16}}},"fnMap":{"0":{"name":"(anonymous_0)","decl":{"start":{"line":3,"column":18},"end":{"line":3,"column":19}},"loc":{"start":{"line":3,"column":29},"end":{"line":9,"column":1}},"line":3},"1":{"name":"(anonymous_1)","decl":{"start":{"line":11,"column":14},"end":{"line":11,"column":15}},"loc":{"start":{"line":11,"column":33},"end":{"line":24,"column":14}},"line":11},"2":{"name":"(anonymous_2)","decl":{"start":{"line":11,"column":51},"end":{"line":11,"column":52}},"loc":{"start":{"line":11,"column":61},"end":{"line":24,"column":1}},"line":11}},"branchMap":{"0":{"loc":{"start":{"line":4,"column":2},"end":{"line":4,"column":50}},"type":"if","locations":[{"start":{"line":4,"column":2},"end":{"line":4,"column":50}},{"start":{},"end":{}}],"line":4},"1":{"loc":{"start":{"line":5,"column":2},"end":{"line":5,"column":39}},"type":"if","locations":[{"start":{"line":5,"column":2},"end":{"line":5,"column":39}},{"start":{},"end":{}}],"line":5},"2":{"loc":{"start":{"line":6,"column":2},"end":{"line":6,"column":38}},"type":"if","locations":[{"start":{"line":6,"column":2},"end":{"line":6,"column":38}},{"start":{},"end":{}}],"line":6},"3":{"loc":{"start":{"line":7,"column":2},"end":{"line":7,"column":37}},"type":"if","locations":[{"start":{"line":7,"column":2},"end":{"line":7,"column":37}},{"start":{},"end":{}}],"line":7},"4":{"loc":{"start":{"line":11,"column":20},"end":{"line":11,"column":28}},"type":"default-arg","locations":[{"start":{"line":11,"column":26},"end":{"line":11,"column":28}}],"line":11},"5":{"loc":{"start":{"line":12,"column":2},"end":{"line":23,"column":3}},"type":"switch","locations":[{"start":{"line":13,"column":4},"end":{"line":14,"column":55}},{"start":{"line":15,"column":4},"end":{"line":16,"column":106}},{"start":{"line":17,"column":4},"end":{"line":18,"column":71}},{"start":{"line":19,"column":4},"end":{"line":20,"column":145}},{"start":{"line":21,"column":4},"end":{"line":22,"column":16}}],"line":12}},"s":{"0":1,"1":13,"2":3,"3":10,"4":2,"5":8,"6":0,"7":8,"8":1,"9":7,"10":1,"11":5,"12":18,"13":4,"14":5,"15":2,"16":4,"17":3},"f":{"0":13,"1":5,"2":18},"b":{"0":[3,10],"1":[2,8],"2":[0,8],"3":[1,7],"4":[1],"5":[4,5,2,4,3]},"_coverageSchema":"1a1c01bbd47fc00a2c39e90264f33305004495a9","hash":"a8f5b7ae4711e1aeaa893db1eca38f8e8e1bacba"}
,"/mnt/c/users/isayk/frontend-project-46/formatters/stylish.js": {"path":"/mnt/c/users/isayk/frontend-project-46/formatters/stylish.js","statementMap":{"0":{"start":{"line":3,"column":16},"end":{"line":8,"column":1}},"1":{"start":{"line":10,"column":15},"end":{"line":10,"column":16}},"2":{"start":{"line":11,"column":18},"end":{"line":11,"column":76}},"3":{"start":{"line":11,"column":41},"end":{"line":11,"column":76}},"4":{"start":{"line":13,"column":18},"end":{"line":17,"column":1}},"5":{"start":{"line":14,"column":2},"end":{"line":14,"column":39}},"6":{"start":{"line":14,"column":26},"end":{"line":14,"column":39}},"7":{"start":{"line":15,"column":2},"end":{"line":16,"column":59}},"8":{"start":{"line":15,"column":57},"end":{"line":16,"column":16}},"9":{"start":{"line":19,"column":18},"end":{"line":34,"column":1}},"10":{"start":{"line":20,"column":2},"end":{"line":33,"column":3}},"11":{"start":{"line":24,"column":6},"end":{"line":24,"column":107}},"12":{"start":{"line":26,"column":6},"end":{"line":27,"column":115}},"13":{"start":{"line":29,"column":6},"end":{"line":30,"column":94}},"14":{"start":{"line":30,"column":26},"end":{"line":30,"column":55}},"15":{"start":{"line":32,"column":6},"end":{"line":32,"column":40}},"16":{"start":{"line":36,"column":16},"end":{"line":36,"column":104}},"17":{"start":{"line":36,"column":35},"end":{"line":36,"column":104}},"18":{"start":{"line":36,"column":69},"end":{"line":36,"column":87}}},"fnMap":{"0":{"name":"(anonymous_0)","decl":{"start":{"line":11,"column":18},"end":{"line":11,"column":19}},"loc":{"start":{"line":11,"column":41},"end":{"line":11,"column":76}},"line":11},"1":{"name":"(anonymous_1)","decl":{"start":{"line":13,"column":18},"end":{"line":13,"column":19}},"loc":{"start":{"line":13,"column":36},"end":{"line":17,"column":1}},"line":13},"2":{"name":"(anonymous_2)","decl":{"start":{"line":15,"column":41},"end":{"line":15,"column":42}},"loc":{"start":{"line":15,"column":57},"end":{"line":16,"column":16}},"line":15},"3":{"name":"(anonymous_3)","decl":{"start":{"line":19,"column":18},"end":{"line":19,"column":19}},"loc":{"start":{"line":19,"column":35},"end":{"line":34,"column":1}},"line":19},"4":{"name":"(anonymous_4)","decl":{"start":{"line":30,"column":13},"end":{"line":30,"column":14}},"loc":{"start":{"line":30,"column":26},"end":{"line":30,"column":55}},"line":30},"5":{"name":"(anonymous_5)","decl":{"start":{"line":36,"column":16},"end":{"line":36,"column":17}},"loc":{"start":{"line":36,"column":35},"end":{"line":36,"column":104}},"line":36},"6":{"name":"(anonymous_6)","decl":{"start":{"line":36,"column":59},"end":{"line":36,"column":60}},"loc":{"start":{"line":36,"column":69},"end":{"line":36,"column":87}},"line":36}},"branchMap":{"0":{"loc":{"start":{"line":11,"column":26},"end":{"line":11,"column":36}},"type":"default-arg","locations":[{"start":{"line":11,"column":35},"end":{"line":11,"column":36}}],"line":11},"1":{"loc":{"start":{"line":14,"column":2},"end":{"line":14,"column":39}},"type":"if","locations":[{"start":{"line":14,"column":2},"end":{"line":14,"column":39}},{"start":{},"end":{}}],"line":14},"2":{"loc":{"start":{"line":20,"column":2},"end":{"line":33,"column":3}},"type":"switch","locations":[{"start":{"line":21,"column":4},"end":{"line":21,"column":17}},{"start":{"line":22,"column":4},"end":{"line":22,"column":19}},{"start":{"line":23,"column":4},"end":{"line":24,"column":107}},{"start":{"line":25,"column":4},"end":{"line":27,"column":115}},{"start":{"line":28,"column":4},"end":{"line":30,"column":94}},{"start":{"line":31,"column":4},"end":{"line":32,"column":40}}],"line":20}},"s":{"0":1,"1":1,"2":1,"3":42,"4":1,"5":27,"6":20,"7":7,"8":9,"9":1,"10":18,"11":10,"12":4,"13":4,"14":14,"15":0,"16":1,"17":1,"18":4},"f":{"0":42,"1":27,"2":9,"3":18,"4":14,"5":1,"6":4},"b":{"0":[42],"1":[20,7],"2":[5,7,10,4,4,0]},"_coverageSchema":"1a1c01bbd47fc00a2c39e90264f33305004495a9","hash":"244fefe9114d714d4d067dfefda966e295f4bb03"}
}
