TN:
SF:factory.js
FN:10,(anonymous_0)
FNF:1
FNH:1
FNDA:3,(anonymous_0)
DA:10,1
DA:11,3
DA:12,3
DA:13,3
DA:14,3
DA:15,3
DA:17,3
LF:7
LH:7
BRF:0
BRH:0
end_of_record
TN:
SF:parsers.js
FN:4,(anonymous_0)
FNF:1
FNH:1
FNDA:6,(anonymous_0)
DA:4,1
DA:5,6
LF:2
LH:2
BRDA:5,0,0,3
BRDA:5,0,1,3
BRF:2
BRH:2
end_of_record
TN:
SF:treeGenerator.js
FN:4,(anonymous_0)
FN:5,(anonymous_1)
FN:20,(anonymous_2)
FNF:3
FNH:3
FNDA:15,(anonymous_0)
FNDA:54,(anonymous_1)
FNDA:54,(anonymous_2)
DA:4,1
DA:5,15
DA:6,54
DA:7,39
DA:8,33
DA:9,12
DA:11,21
DA:12,12
DA:16,9
DA:19,15
DA:20,54
LF:11
LH:11
BRDA:6,0,0,15
BRDA:6,0,1,39
BRDA:7,1,0,6
BRDA:7,1,1,33
BRDA:8,2,0,12
BRDA:8,2,1,21
BRDA:8,3,0,33
BRDA:8,3,1,15
BRDA:11,4,0,12
BRDA:11,4,1,9
BRF:10
BRH:10
end_of_record
TN:
SF:formatters/index.js
FN:5,(anonymous_0)
FNF:1
FNH:1
FNDA:3,(anonymous_0)
DA:5,1
DA:6,3
DA:7,1
DA:8,2
DA:9,1
DA:11,1
LF:6
LH:6
BRDA:6,0,0,1
BRDA:6,0,1,2
BRDA:8,1,0,1
BRDA:8,1,1,1
BRF:4
BRH:4
end_of_record
TN:
SF:formatters/json.js
FN:1,(anonymous_0)
FNF:1
FNH:1
FNDA:1,(anonymous_0)
DA:1,1
DA:2,1
LF:2
LH:2
BRF:0
BRH:0
end_of_record
TN:
SF:formatters/plain.js
FN:3,(anonymous_0)
FN:11,(anonymous_1)
FN:11,(anonymous_2)
FNF:3
FNH:3
FNDA:13,(anonymous_0)
FNDA:5,(anonymous_1)
FNDA:18,(anonymous_2)
DA:3,1
DA:4,13
DA:5,10
DA:6,8
DA:7,8
DA:8,7
DA:11,5
DA:12,18
DA:14,4
DA:16,5
DA:18,2
DA:20,4
DA:22,3
LF:13
LH:13
BRDA:4,0,0,3
BRDA:4,0,1,10
BRDA:5,1,0,2
BRDA:5,1,1,8
BRDA:6,2,0,0
BRDA:6,2,1,8
BRDA:7,3,0,1
BRDA:7,3,1,7
BRDA:11,4,0,1
BRDA:12,5,0,4
BRDA:12,5,1,5
BRDA:12,5,2,2
BRDA:12,5,3,4
BRDA:12,5,4,3
BRF:14
BRH:13
end_of_record
TN:
SF:formatters/stylish.js
FN:11,(anonymous_0)
FN:13,(anonymous_1)
FN:15,(anonymous_2)
FN:19,(anonymous_3)
FN:30,(anonymous_4)
FN:36,(anonymous_5)
FN:36,(anonymous_6)
FNF:7
FNH:7
FNDA:42,(anonymous_0)
FNDA:27,(anonymous_1)
FNDA:9,(anonymous_2)
FNDA:18,(anonymous_3)
FNDA:14,(anonymous_4)
FNDA:1,(anonymous_5)
FNDA:4,(anonymous_6)
DA:3,1
DA:10,1
DA:11,42
DA:13,1
DA:14,27
DA:15,9
DA:19,1
DA:20,18
DA:24,10
DA:26,4
DA:29,4
DA:30,14
DA:32,0
DA:36,4
LF:14
LH:13
BRDA:11,0,0,42
BRDA:14,1,0,20
BRDA:14,1,1,7
BRDA:20,2,0,5
BRDA:20,2,1,7
BRDA:20,2,2,10
BRDA:20,2,3,4
BRDA:20,2,4,4
BRDA:20,2,5,0
BRF:9
BRH:8
end_of_record
