TN:
SF:index.js
FN:3,getStates
FN:21,stringify
FNF:2
FNH:2
FNDA:1,getStates
FNDA:1,stringify
DA:1,1
DA:2,1
DA:3,1
DA:4,1
DA:5,1
DA:6,1
DA:7,1
DA:8,1
DA:9,1
DA:10,5
DA:11,2
DA:12,5
DA:13,2
DA:14,3
DA:15,1
DA:16,1
DA:17,1
DA:18,1
DA:19,1
DA:20,1
DA:21,1
DA:22,1
DA:23,1
DA:24,1
DA:25,1
DA:26,1
DA:27,1
DA:28,5
DA:29,5
DA:30,5
DA:31,5
DA:32,1
DA:33,5
DA:34,1
DA:35,4
DA:36,2
DA:37,3
DA:38,1
DA:39,1
DA:40,1
DA:41,1
DA:42,1
DA:43,1
DA:44,1
LF:44
LH:44
BRDA:3,0,0,1
BRDA:9,1,0,5
BRDA:10,2,0,4
BRDA:10,3,0,2
BRDA:12,4,0,3
BRDA:12,5,0,2
BRDA:12,6,0,2
BRDA:13,7,0,1
BRDA:13,8,0,1
BRDA:14,9,0,1
BRDA:21,10,0,1
BRDA:27,11,0,5
BRDA:31,12,0,1
BRDA:33,13,0,4
BRDA:33,14,0,1
BRDA:35,15,0,3
BRDA:35,16,0,2
BRDA:37,17,0,1
BRF:18
BRH:18
end_of_record
